<?xml version="1.0" encoding="UTF-8"?>
<!-- Generated by org.testng.reporters.JUnitReportReporter -->
<testsuite hostname="TYSS-Apoorva" failures="0" tests="1" name="workingWithUnitTestingTool.WorkingWithDataProvider1" time="0.044" errors="1" timestamp="2024-03-16T15:38:33 IST" skipped="0">
  <testcase classname="workingWithUnitTestingTool.WorkingWithDataProvider1" name="detaDemo" time="0.044">
    <error message="
[public void workingWithUnitTestingTool.WorkingWithDataProvider1.detaDemo(java.lang.String[][])] has no parameters defined but was found to be using a data provider (either explicitly specified or inherited from class level annotation).
Data provider mismatch
Method: detaDemo([Parameter{index=0, type=[[Ljava.lang.String;, declaredAnnotations=[]}])
Arguments: [(java.lang.String) Apoorva,(java.lang.String) Mangalore,(java.lang.String) apoorva@gamil.com,(java.lang.String) 123abc,(java.lang.String) 123abc]" type="org.testng.internal.reflect.MethodMatcherException">
      <![CDATA[org.testng.internal.reflect.MethodMatcherException: 
[public void workingWithUnitTestingTool.WorkingWithDataProvider1.detaDemo(java.lang.String[][])] has no parameters defined but was found to be using a data provider (either explicitly specified or inherited from class level annotation).
Data provider mismatch
Method: detaDemo([Parameter{index=0, type=[[Ljava.lang.String;, declaredAnnotations=[]}])
Arguments: [(java.lang.String) Apoorva,(java.lang.String) Mangalore,(java.lang.String) apoorva@gamil.com,(java.lang.String) 123abc,(java.lang.String) 123abc]
at org.testng.internal.reflect.DataProviderMethodMatcher.getConformingArguments(DataProviderMethodMatcher.java:43)
at org.testng.internal.Parameters.injectParameters(Parameters.java:905)
at org.testng.internal.MethodRunner.runInSequence(MethodRunner.java:34)
at org.testng.internal.TestInvoker$MethodInvocationAgent.invoke(TestInvoker.java:822)
at org.testng.internal.TestInvoker.invokeTestMethods(TestInvoker.java:147)
at org.testng.internal.TestMethodWorker.invokeTestMethods(TestMethodWorker.java:146)
at org.testng.internal.TestMethodWorker.run(TestMethodWorker.java:128)
at java.base/java.util.ArrayList.forEach(ArrayList.java:1541)
at org.testng.TestRunner.privateRun(TestRunner.java:764)
at org.testng.TestRunner.run(TestRunner.java:585)
at org.testng.SuiteRunner.runTest(SuiteRunner.java:384)
at org.testng.SuiteRunner.runSequentially(SuiteRunner.java:378)
at org.testng.SuiteRunner.privateRun(SuiteRunner.java:337)
at org.testng.SuiteRunner.run(SuiteRunner.java:286)
at org.testng.SuiteRunnerWorker.runSuite(SuiteRunnerWorker.java:53)
at org.testng.SuiteRunnerWorker.run(SuiteRunnerWorker.java:96)
at org.testng.TestNG.runSuitesSequentially(TestNG.java:1218)
at org.testng.TestNG.runSuitesLocally(TestNG.java:1140)
at org.testng.TestNG.runSuites(TestNG.java:1069)
at org.testng.TestNG.run(TestNG.java:1037)
at org.testng.remote.AbstractRemoteTestNG.run(AbstractRemoteTestNG.java:115)
at org.testng.remote.RemoteTestNG.initAndRun(RemoteTestNG.java:251)
at org.testng.remote.RemoteTestNG.main(RemoteTestNG.java:77)
]]>
    </error>
  </testcase> <!-- detaDemo -->
  <system-out/>
</testsuite> <!-- workingWithUnitTestingTool.WorkingWithDataProvider1 -->
